[debug] [2026-02-07T18:26:29.473Z] ----------------------------------------------------------------------
[debug] [2026-02-07T18:26:29.481Z] Command:       C:\Program Files\nodejs\node.exe C:\Users\moham\AppData\Roaming\npm\node_modules\firebase-tools\lib\bin\firebase.js projects:create royal-saj-website --display-name Royal Saj
[debug] [2026-02-07T18:26:29.482Z] CLI Version:   15.4.0
[debug] [2026-02-07T18:26:29.482Z] Platform:      win32
[debug] [2026-02-07T18:26:29.483Z] Node Version:  v24.13.0
[debug] [2026-02-07T18:26:29.484Z] Time:          Sat Feb 07 2026 20:26:29 GMT+0200 (Eastern European Standard Time)
[debug] [2026-02-07T18:26:29.484Z] ----------------------------------------------------------------------
[debug] 
[debug] [2026-02-07T18:26:30.332Z] > command requires scopes: ["email","openid","https://www.googleapis.com/auth/cloudplatformprojects.readonly","https://www.googleapis.com/auth/firebase","https://www.googleapis.com/auth/cloud-platform"]
[debug] [2026-02-07T18:26:30.335Z] > authorizing via signed-in user (code.troops.company@gmail.com)
[debug] [2026-02-07T18:26:30.349Z] Checked if tokens are valid: true, expires at: 1770492366497
[debug] [2026-02-07T18:26:30.350Z] Checked if tokens are valid: true, expires at: 1770492366497
[debug] [2026-02-07T18:26:30.355Z] >>> [apiv2][query] POST https://cloudresourcemanager.googleapis.com/v1/projects [none]
[debug] [2026-02-07T18:26:30.356Z] >>> [apiv2][body] POST https://cloudresourcemanager.googleapis.com/v1/projects {"projectId":"royal-saj-website","name":"Royal Saj"}
[debug] [2026-02-07T18:26:31.707Z] <<< [apiv2][status] POST https://cloudresourcemanager.googleapis.com/v1/projects 200
[debug] [2026-02-07T18:26:31.707Z] <<< [apiv2][body] POST https://cloudresourcemanager.googleapis.com/v1/projects {"name":"operations/create_project.global.7967747409209238015"}
[debug] [2026-02-07T18:26:31.710Z] Checked if tokens are valid: true, expires at: 1770492366497
[debug] [2026-02-07T18:26:31.710Z] Checked if tokens are valid: true, expires at: 1770492366497
[debug] [2026-02-07T18:26:31.710Z] >>> [apiv2][query] GET https://cloudresourcemanager.googleapis.com/v1/operations/create_project.global.7967747409209238015 [none]
[debug] [2026-02-07T18:26:32.450Z] <<< [apiv2][status] GET https://cloudresourcemanager.googleapis.com/v1/operations/create_project.global.7967747409209238015 200
[debug] [2026-02-07T18:26:32.450Z] <<< [apiv2][body] GET https://cloudresourcemanager.googleapis.com/v1/operations/create_project.global.7967747409209238015 {"name":"operations/create_project.global.7967747409209238015"}
[debug] [2026-02-07T18:26:32.955Z] [Project Creation Poller] Retrying task index 0
[debug] [2026-02-07T18:26:32.956Z] Checked if tokens are valid: true, expires at: 1770492366497
[debug] [2026-02-07T18:26:32.956Z] Checked if tokens are valid: true, expires at: 1770492366497
[debug] [2026-02-07T18:26:32.956Z] >>> [apiv2][query] GET https://cloudresourcemanager.googleapis.com/v1/operations/create_project.global.7967747409209238015 [none]
[debug] [2026-02-07T18:26:33.162Z] <<< [apiv2][status] GET https://cloudresourcemanager.googleapis.com/v1/operations/create_project.global.7967747409209238015 200
[debug] [2026-02-07T18:26:33.162Z] <<< [apiv2][body] GET https://cloudresourcemanager.googleapis.com/v1/operations/create_project.global.7967747409209238015 {"name":"operations/create_project.global.7967747409209238015","metadata":{"@type":"type.googleapis.com/google.cloudresourcemanager.v1.ProjectCreationStatus","gettable":true,"ready":true},"done":true,"response":{"@type":"type.googleapis.com/google.cloudresourcemanager.v1.Project","projectNumber":"1048241145202","projectId":"royal-saj-website","lifecycleState":"ACTIVE","name":"Royal Saj","createTime":"2026-02-07T18:26:32.137854Z"}}
[debug] [2026-02-07T18:26:33.165Z] Checked if tokens are valid: true, expires at: 1770492366497
[debug] [2026-02-07T18:26:33.165Z] Checked if tokens are valid: true, expires at: 1770492366497
[debug] [2026-02-07T18:26:33.165Z] >>> [apiv2][query] POST https://firebase.googleapis.com/v1beta1/projects/royal-saj-website:addFirebase [none]
[debug] [2026-02-07T18:26:36.919Z] <<< [apiv2][status] POST https://firebase.googleapis.com/v1beta1/projects/royal-saj-website:addFirebase 200
[debug] [2026-02-07T18:26:36.919Z] <<< [apiv2][body] POST https://firebase.googleapis.com/v1beta1/projects/royal-saj-website:addFirebase {"name":"operations/workflows/NjVlODIyOWYtOWM4Ni00YThmLTljNTUtMzE0MzMzMWVhOTNk"}
[debug] [2026-02-07T18:26:36.920Z] Checked if tokens are valid: true, expires at: 1770492366497
[debug] [2026-02-07T18:26:36.920Z] Checked if tokens are valid: true, expires at: 1770492366497
[debug] [2026-02-07T18:26:36.921Z] >>> [apiv2][query] GET https://firebase.googleapis.com/v1beta1/operations/workflows/NjVlODIyOWYtOWM4Ni00YThmLTljNTUtMzE0MzMzMWVhOTNk [none]
[debug] [2026-02-07T18:26:42.662Z] <<< [apiv2][status] GET https://firebase.googleapis.com/v1beta1/operations/workflows/NjVlODIyOWYtOWM4Ni00YThmLTljNTUtMzE0MzMzMWVhOTNk 200
[debug] [2026-02-07T18:26:42.662Z] <<< [apiv2][body] GET https://firebase.googleapis.com/v1beta1/operations/workflows/NjVlODIyOWYtOWM4Ni00YThmLTljNTUtMzE0MzMzMWVhOTNk {"name":"operations/workflows/NjVlODIyOWYtOWM4Ni00YThmLTljNTUtMzE0MzMzMWVhOTNk"}
[debug] [2026-02-07T18:26:43.163Z] [Add Firebase Poller] Retrying task index 0
[debug] [2026-02-07T18:26:43.166Z] Checked if tokens are valid: true, expires at: 1770492366497
[debug] [2026-02-07T18:26:43.167Z] Checked if tokens are valid: true, expires at: 1770492366497
[debug] [2026-02-07T18:26:43.168Z] >>> [apiv2][query] GET https://firebase.googleapis.com/v1beta1/operations/workflows/NjVlODIyOWYtOWM4Ni00YThmLTljNTUtMzE0MzMzMWVhOTNk [none]
[debug] [2026-02-07T18:26:44.902Z] <<< [apiv2][status] GET https://firebase.googleapis.com/v1beta1/operations/workflows/NjVlODIyOWYtOWM4Ni00YThmLTljNTUtMzE0MzMzMWVhOTNk 200
[debug] [2026-02-07T18:26:44.903Z] <<< [apiv2][body] GET https://firebase.googleapis.com/v1beta1/operations/workflows/NjVlODIyOWYtOWM4Ni00YThmLTljNTUtMzE0MzMzMWVhOTNk {"name":"operations/workflows/NjVlODIyOWYtOWM4Ni00YThmLTljNTUtMzE0MzMzMWVhOTNk"}
[debug] [2026-02-07T18:26:45.910Z] [Add Firebase Poller] Retrying task index 0
[debug] [2026-02-07T18:26:45.911Z] Checked if tokens are valid: true, expires at: 1770492366497
[debug] [2026-02-07T18:26:45.911Z] Checked if tokens are valid: true, expires at: 1770492366497
[debug] [2026-02-07T18:26:45.911Z] >>> [apiv2][query] GET https://firebase.googleapis.com/v1beta1/operations/workflows/NjVlODIyOWYtOWM4Ni00YThmLTljNTUtMzE0MzMzMWVhOTNk [none]
[debug] [2026-02-07T18:26:46.406Z] <<< [apiv2][status] GET https://firebase.googleapis.com/v1beta1/operations/workflows/NjVlODIyOWYtOWM4Ni00YThmLTljNTUtMzE0MzMzMWVhOTNk 200
[debug] [2026-02-07T18:26:46.406Z] <<< [apiv2][body] GET https://firebase.googleapis.com/v1beta1/operations/workflows/NjVlODIyOWYtOWM4Ni00YThmLTljNTUtMzE0MzMzMWVhOTNk {"name":"operations/workflows/NjVlODIyOWYtOWM4Ni00YThmLTljNTUtMzE0MzMzMWVhOTNk"}
[debug] [2026-02-07T18:26:48.443Z] [Add Firebase Poller] Retrying task index 0
[debug] [2026-02-07T18:26:48.444Z] Checked if tokens are valid: true, expires at: 1770492366497
[debug] [2026-02-07T18:26:48.444Z] Checked if tokens are valid: true, expires at: 1770492366497
[debug] [2026-02-07T18:26:48.444Z] >>> [apiv2][query] GET https://firebase.googleapis.com/v1beta1/operations/workflows/NjVlODIyOWYtOWM4Ni00YThmLTljNTUtMzE0MzMzMWVhOTNk [none]
[debug] [2026-02-07T18:26:49.084Z] <<< [apiv2][status] GET https://firebase.googleapis.com/v1beta1/operations/workflows/NjVlODIyOWYtOWM4Ni00YThmLTljNTUtMzE0MzMzMWVhOTNk 200
[debug] [2026-02-07T18:26:49.085Z] <<< [apiv2][body] GET https://firebase.googleapis.com/v1beta1/operations/workflows/NjVlODIyOWYtOWM4Ni00YThmLTljNTUtMzE0MzMzMWVhOTNk {"name":"operations/workflows/NjVlODIyOWYtOWM4Ni00YThmLTljNTUtMzE0MzMzMWVhOTNk"}
